Alford:created
Alford:Connection Made
Alford:Line received
Alford:IAMAT kiwi.cs.ucla.edu +34.068930-118.445127 1400794645.39201445
Alford:Sending to Welsh:AT Alford +56338361.888672644 kiwi.cs.ucla.edu +34.068930-118.445127 1400794645.39201445
Alford:Sending to Parker:AT Alford +56338361.888672644 kiwi.cs.ucla.edu +34.068930-118.445127 1400794645.39201445
Alford:Flooded: AT Alford +56338361.888672644 kiwi.cs.ucla.edu +34.068930-118.445127 1400794645.39201445
Alford:Connection Made
Alford:Line received
Alford:AT Alford +56338361.888672644 kiwi.cs.ucla.edu +34.068930-118.445127 1400794645.39201445
Alford:Connection Lost
Alford:Connection Lost
Alford:created
Alford:Connection Made
Alford:Line received: IAMAT kiwi.cs.ucla.edu +34.068930-118.445127 1400794645.39201445
Alford:Sending to Welsh:AT Alford +56338507.442848497 kiwi.cs.ucla.edu +34.068930-118.445127 1400794645.39201445
Alford:Sending to Parker:AT Alford +56338507.442848497 kiwi.cs.ucla.edu +34.068930-118.445127 1400794645.39201445
Alford:Flooded: AT Alford +56338507.442848497 kiwi.cs.ucla.edu +34.068930-118.445127 1400794645.39201445
Alford:Connection Made
Alford:Line received: AT Alford +56338507.442848497 kiwi.cs.ucla.edu +34.068930-118.445127 1400794645.39201445
Alford:Connection Lost
Alford:Line received: d
Alford:Invalid command
Alford:Connection Lost
2016-03-04 23:18:58.292737 Alford:created
2016-03-04 23:19:00.627213 Alford:Connection Made
2016-03-04 23:19:09.518781 Alford:Line received: IAMAT kiwi.cs.ucla.edu +34.068930-118.445127 1400794645.39201445
2016-03-04 23:19:09.522990 Alford:Sending to Welsh:AT Alford +56338904.129076534 kiwi.cs.ucla.edu +34.068930-118.445127 1400794645.39201445
2016-03-04 23:19:09.523377 Alford:Sending to Parker:AT Alford +56338904.129076534 kiwi.cs.ucla.edu +34.068930-118.445127 1400794645.39201445
2016-03-04 23:19:09.523499 Alford:Flooded: AT Alford +56338904.129076534 kiwi.cs.ucla.edu +34.068930-118.445127 1400794645.39201445
2016-03-04 23:19:09.702948 Alford:Connection Made
2016-03-04 23:19:09.706318 Alford:Line received: AT Alford +56338904.129076534 kiwi.cs.ucla.edu +34.068930-118.445127 1400794645.39201445
2016-03-04 23:19:09.709169 Alford:Connection Lost
2016-03-04 23:19:46.434181 Alford:Line received: WHATSAT kiwi.cs.ucla.edu 10 5
2016-03-04 23:19:46.531872 Alford:Successful WHATSAT answer
2016-03-04 23:20:14.658458 Alford:Line received: kj
2016-03-04 23:20:14.658812 Alford:Invalid command
2016-03-04 23:21:14.346172 Alford:Connection Lost
2016-03-04 23:23:03.659680 Alford:created
2016-03-04 23:23:09.601827 Alford:Connection Made
2016-03-04 23:23:10.960906 Alford:Line received: WHATSAT kiwi.cs.ucla.edu 10 5
2016-03-04 23:23:10.962074 Alford:Invalid WHATSAT command-No previous data for client: WHATSAT kiwi.cs.ucla.edu 10 5
2016-03-04 23:23:22.390085 Alford:Line received: d[D[D
2016-03-04 23:23:22.393350 Alford:Invalid command d[D[D
2016-03-04 23:23:40.092413 Alford:Connection Lost
2016-03-04 23:24:41.704061 Alford:Connection Made
2016-03-04 23:24:41.705611 Alford:Line received: AT Welsh +56339236.252491528 kiwi.cs.ucla.edu +34.068930-118.445127 1400794645.392014450
2016-03-04 23:24:41.706255 Alford:Sending to Welsh:AT Welsh +56339236.252491528 kiwi.cs.ucla.edu +34.068930-118.445127 1400794645.392014450
2016-03-04 23:24:41.706624 Alford:Sending to Parker:AT Welsh +56339236.252491528 kiwi.cs.ucla.edu +34.068930-118.445127 1400794645.392014450
2016-03-04 23:24:41.709077 Alford:Connection Lost
2016-03-04 23:29:18.844917 Alford:created
2016-03-04 23:33:41.552813 Alford:created
2016-03-04 23:37:27.708210 Alford:created
2016-03-04 23:37:37.307929 Alford:Connection Made
2016-03-04 23:37:37.310833 Alford:Line received: AT Bolden +56340011.856954628 kiwi.cs.ucla.edu +34.068930-118.445127 1400794645.392014450
2016-03-04 23:37:37.311638 Alford:Sending to Welsh:AT Bolden +56340011.856954628 kiwi.cs.ucla.edu +34.068930-118.445127 1400794645.392014450
2016-03-04 23:37:37.312145 Alford:Sending to Parker:AT Bolden +56340011.856954628 kiwi.cs.ucla.edu +34.068930-118.445127 1400794645.392014450
2016-03-04 23:37:37.315587 Alford:Connection Lost
2016-03-04 23:41:04.704310 Alford:created
2016-03-04 23:41:24.712654 Alford:Connection Made
2016-03-04 23:41:24.714591 Alford:Line received: AT Bolden +56340239.296769434 kiwi.cs.ucla.edu +34.068930-118.445127 1400794645.392014450
2016-03-04 23:41:24.715096 Alford:Sending to Welsh:AT Bolden +56340239.296769434 kiwi.cs.ucla.edu +34.068930-118.445127 1400794645.392014450
2016-03-04 23:41:24.715378 Alford:Sending to Parker:AT Bolden +56340239.296769434 kiwi.cs.ucla.edu +34.068930-118.445127 1400794645.392014450
2016-03-04 23:41:24.718002 Alford:Connection Lost
2016-03-04 23:43:07.271929 Alford:created
2016-03-04 23:43:24.102671 Alford:Connection Made
2016-03-04 23:43:24.104703 Alford:Line received: AT Bolden +56340358.600475603 kiwi.cs.ucla.edu +34.068930-118.445127 1400794645.392014450
2016-03-04 23:43:24.105409 Alford:Sending to Welsh:AT Bolden +56340358.600475603 kiwi.cs.ucla.edu +34.068930-118.445127 1400794645.392014450
2016-03-04 23:43:24.105695 Alford:Sending to Parker:AT Bolden +56340358.600475603 kiwi.cs.ucla.edu +34.068930-118.445127 1400794645.392014450
2016-03-04 23:43:24.107628 Alford:Connection Lost
2016-03-04 23:44:02.853178 Alford:created
2016-03-04 23:44:11.517073 Alford:Connection Made
2016-03-04 23:44:11.518932 Alford:Line received: AT Bolden +56340406.017420584 kiwi.cs.ucla.edu +34.068930-118.445127 1400794645.392014450
2016-03-04 23:44:11.519655 Alford:Sending to Welsh:AT Bolden +56340406.017420584 kiwi.cs.ucla.edu +34.068930-118.445127 1400794645.392014450
2016-03-04 23:44:11.519990 Alford:Sending to Parker:AT Bolden +56340406.017420584 kiwi.cs.ucla.edu +34.068930-118.445127 1400794645.392014450
2016-03-04 23:44:11.521760 Alford:Connection Lost
2016-03-04 23:44:13.300374 Alford:Connection Made
2016-03-04 23:44:13.302522 Alford:Line received: AT Bolden +56340358.600475603 kiwi.cs.ucla.edu +34.068930-118.445127 1400794645.392014450
2016-03-04 23:44:13.303333 Alford:Sending to Welsh:AT Bolden +56340358.600475603 kiwi.cs.ucla.edu +34.068930-118.445127 1400794645.392014450
2016-03-04 23:44:13.303640 Alford:Sending to Parker:AT Bolden +56340358.600475603 kiwi.cs.ucla.edu +34.068930-118.445127 1400794645.392014450
2016-03-04 23:44:13.306408 Alford:Connection Lost
2016-03-04 23:49:23.170125 Alford:created
2016-03-04 23:49:47.505863 Alford:Connection Made
2016-03-04 23:49:47.508401 Alford:Line received: AT Alford +0.563873386 kiwi.cs.ucla.edu +34.068930-118.445127 1400794699.108893381
2016-03-04 23:49:47.509042 Alford:Sending to Welsh:AT Alford +0.563873386 kiwi.cs.ucla.edu +34.068930-118.445127 1400794699.108893381
2016-03-04 23:49:47.509351 Alford:Sending to Parker:AT Alford +0.563873386 kiwi.cs.ucla.edu +34.068930-118.445127 1400794699.108893381
2016-03-04 23:49:47.511881 Alford:Connection Lost
2016-03-04 23:51:13.478816 Alford:created
2016-03-04 23:51:40.309384 Alford:Connection Made
2016-03-04 23:51:40.312681 Alford:Line received: AT Alford +0.563873386 kiwi.cs.ucla.edu +34.068930-118.445127 1400794699.108893381
2016-03-04 23:51:40.313342 Alford:Sending to Welsh:AT Alford +0.563873386 kiwi.cs.ucla.edu +34.068930-118.445127 1400794699.108893381
2016-03-04 23:51:40.313716 Alford:Sending to Parker:AT Alford +0.563873386 kiwi.cs.ucla.edu +34.068930-118.445127 1400794699.108893381
2016-03-04 23:51:40.316075 Alford:Connection Lost
2016-03-04 23:52:30.352230 Alford:created
2016-03-04 23:52:38.105086 Alford:Connection Made
2016-03-04 23:52:38.107648 Alford:Line received: AT Alford +0.563873386 kiwi.cs.ucla.edu +34.068930-118.445127 1400794699.108893381
2016-03-04 23:52:38.108335 Alford:Sending to Welsh:AT Alford +0.563873386 kiwi.cs.ucla.edu +34.068930-118.445127 1400794699.108893381
2016-03-04 23:52:38.108706 Alford:Sending to Parker:AT Alford +0.563873386 kiwi.cs.ucla.edu +34.068930-118.445127 1400794699.108893381
2016-03-04 23:52:38.111892 Alford:Connection Lost
