Parker:created
Parker:Connection Made
Parker:Line received
Parker:AT Alford +56338361.888672644 kiwi.cs.ucla.edu +34.068930-118.445127 1400794645.39201445
Parker:Sending to Bolden:AT Alford +56338361.888672644 kiwi.cs.ucla.edu +34.068930-118.445127 1400794645.39201445
Parker:Sending to Alford:AT Alford +56338361.888672644 kiwi.cs.ucla.edu +34.068930-118.445127 1400794645.39201445
Parker:Sending to Hamilton:AT Alford +56338361.888672644 kiwi.cs.ucla.edu +34.068930-118.445127 1400794645.39201445
Parker:Connection Lost
Parker:Connection Made
Parker:Connection Made
Parker:Line received
Parker:AT Alford +56338361.888672644 kiwi.cs.ucla.edu +34.068930-118.445127 1400794645.39201445
Parker:Line received
Parker:AT Alford +56338361.888672644 kiwi.cs.ucla.edu +34.068930-118.445127 1400794645.39201445
Parker:Connection Lost
Parker:Connection Lost
Parker:created
Parker:Connection Made
Parker:Line received: AT Alford +56338507.442848497 kiwi.cs.ucla.edu +34.068930-118.445127 1400794645.39201445
Parker:Sending to Bolden:AT Alford +56338507.442848497 kiwi.cs.ucla.edu +34.068930-118.445127 1400794645.39201445
Parker:Sending to Alford:AT Alford +56338507.442848497 kiwi.cs.ucla.edu +34.068930-118.445127 1400794645.39201445
Parker:Sending to Hamilton:AT Alford +56338507.442848497 kiwi.cs.ucla.edu +34.068930-118.445127 1400794645.39201445
Parker:Connection Lost
Parker:Connection Made
Parker:Connection Made
Parker:Line received: AT Alford +56338507.442848497 kiwi.cs.ucla.edu +34.068930-118.445127 1400794645.39201445
Parker:Connection Lost
Parker:Line received: AT Alford +56338507.442848497 kiwi.cs.ucla.edu +34.068930-118.445127 1400794645.39201445
Parker:Connection Lost
2016-03-04 23:18:58.291712 Parker:created
2016-03-04 23:19:09.530615 Parker:Connection Made
2016-03-04 23:19:09.696011 Parker:Line received: AT Alford +56338904.129076534 kiwi.cs.ucla.edu +34.068930-118.445127 1400794645.39201445
2016-03-04 23:19:09.696820 Parker:Sending to Bolden:AT Alford +56338904.129076534 kiwi.cs.ucla.edu +34.068930-118.445127 1400794645.39201445
2016-03-04 23:19:09.697122 Parker:Sending to Alford:AT Alford +56338904.129076534 kiwi.cs.ucla.edu +34.068930-118.445127 1400794645.39201445
2016-03-04 23:19:09.697813 Parker:Sending to Hamilton:AT Alford +56338904.129076534 kiwi.cs.ucla.edu +34.068930-118.445127 1400794645.39201445
2016-03-04 23:19:09.701211 Parker:Connection Lost
2016-03-04 23:19:09.710156 Parker:Connection Made
2016-03-04 23:19:09.711060 Parker:Connection Made
2016-03-04 23:19:09.712277 Parker:Line received: AT Alford +56338904.129076534 kiwi.cs.ucla.edu +34.068930-118.445127 1400794645.39201445
2016-03-04 23:19:09.713521 Parker:Connection Lost
2016-03-04 23:19:09.713779 Parker:Line received: AT Alford +56338904.129076534 kiwi.cs.ucla.edu +34.068930-118.445127 1400794645.39201445
2016-03-04 23:19:09.714932 Parker:Connection Lost
2016-03-04 23:23:03.657011 Parker:created
2016-03-04 23:24:41.697742 Parker:Connection Made
2016-03-04 23:24:41.698884 Parker:Line received: AT Welsh +56339236.252491528 kiwi.cs.ucla.edu +34.068930-118.445127 1400794645.392014450
2016-03-04 23:24:41.699609 Parker:Sending to Bolden:AT Welsh +56339236.252491528 kiwi.cs.ucla.edu +34.068930-118.445127 1400794645.392014450
2016-03-04 23:24:41.699906 Parker:Sending to Alford:AT Welsh +56339236.252491528 kiwi.cs.ucla.edu +34.068930-118.445127 1400794645.392014450
2016-03-04 23:24:41.700211 Parker:Sending to Hamilton:AT Welsh +56339236.252491528 kiwi.cs.ucla.edu +34.068930-118.445127 1400794645.392014450
2016-03-04 23:24:41.702514 Parker:Connection Lost
2016-03-04 23:24:41.710242 Parker:Connection Made
2016-03-04 23:24:41.710659 Parker:Connection Made
2016-03-04 23:24:41.711870 Parker:Line received: AT Welsh +56339236.252491528 kiwi.cs.ucla.edu +34.068930-118.445127 1400794645.392014450
2016-03-04 23:24:41.712445 Parker:Line received: AT Welsh +56339236.252491528 kiwi.cs.ucla.edu +34.068930-118.445127 1400794645.392014450
2016-03-04 23:24:41.713300 Parker:Connection Lost
2016-03-04 23:24:41.713582 Parker:Connection Lost
2016-03-04 23:29:18.843479 Parker:created
2016-03-04 23:30:04.961669 Parker:Connection Made
2016-03-04 23:30:04.962967 Parker:Line received: AT Bolden +Decimal('56339559.560596520') kiwi.cs.ucla.edu +Decimal('34.068930')Decimal('-118.445127') 1400794645.392014450
2016-03-04 23:30:04.963158 Parker:Invalid command AT Bolden +Decimal('56339559.560596520') kiwi.cs.ucla.edu +Decimal('34.068930')Decimal('-118.445127') 1400794645.392014450
2016-03-04 23:30:04.964334 Parker:Connection Lost
2016-03-04 23:33:41.551616 Parker:created
2016-03-04 23:33:58.100973 Parker:Connection Made
2016-03-04 23:33:58.101870 Parker:Line received: AT Bolden +Decimal('56339792.697555595') kiwi.cs.ucla.edu +Decimal('34.068930')Decimal('-118.445127') 1400794645.392014450
2016-03-04 23:33:58.102086 Parker:Invalid command AT Bolden +Decimal('56339792.697555595') kiwi.cs.ucla.edu +Decimal('34.068930')Decimal('-118.445127') 1400794645.392014450
2016-03-04 23:33:58.102340 Parker:Connection Lost
2016-03-04 23:37:27.707030 Parker:created
2016-03-04 23:37:37.296072 Parker:Connection Made
2016-03-04 23:37:37.301694 Parker:Line received: AT Bolden +56340011.856954628 kiwi.cs.ucla.edu +34.068930-118.445127 1400794645.392014450
2016-03-04 23:37:37.302390 Parker:Sending to Bolden:AT Bolden +56340011.856954628 kiwi.cs.ucla.edu +34.068930-118.445127 1400794645.392014450
2016-03-04 23:37:37.302882 Parker:Sending to Alford:AT Bolden +56340011.856954628 kiwi.cs.ucla.edu +34.068930-118.445127 1400794645.392014450
2016-03-04 23:37:37.303365 Parker:Sending to Hamilton:AT Bolden +56340011.856954628 kiwi.cs.ucla.edu +34.068930-118.445127 1400794645.392014450
2016-03-04 23:37:37.305805 Parker:Connection Lost
2016-03-04 23:37:37.317433 Parker:Connection Made
2016-03-04 23:37:37.317948 Parker:Connection Made
2016-03-04 23:37:37.319332 Parker:Line received: AT Bolden +56340011.856954628 kiwi.cs.ucla.edu +34.068930-118.445127 1400794645.392014450
2016-03-04 23:37:37.319855 Parker:Line received: AT Bolden +56340011.856954628 kiwi.cs.ucla.edu +34.068930-118.445127 1400794645.392014450
2016-03-04 23:37:37.321104 Parker:Connection Lost
2016-03-04 23:37:37.321471 Parker:Connection Lost
2016-03-04 23:41:04.703159 Parker:created
2016-03-04 23:41:24.700114 Parker:Connection Made
2016-03-04 23:41:24.706042 Parker:Line received: AT Bolden +56340239.296769434 kiwi.cs.ucla.edu +34.068930-118.445127 1400794645.392014450
2016-03-04 23:41:24.706791 Parker:Sending to Bolden:AT Bolden +56340239.296769434 kiwi.cs.ucla.edu +34.068930-118.445127 1400794645.392014450
2016-03-04 23:41:24.707141 Parker:Sending to Alford:AT Bolden +56340239.296769434 kiwi.cs.ucla.edu +34.068930-118.445127 1400794645.392014450
2016-03-04 23:41:24.707461 Parker:Sending to Hamilton:AT Bolden +56340239.296769434 kiwi.cs.ucla.edu +34.068930-118.445127 1400794645.392014450
2016-03-04 23:41:24.710974 Parker:Connection Lost
2016-03-04 23:41:24.719457 Parker:Connection Made
2016-03-04 23:41:24.720351 Parker:Connection Made
2016-03-04 23:41:24.721203 Parker:Line received: AT Bolden +56340239.296769434 kiwi.cs.ucla.edu +34.068930-118.445127 1400794645.392014450
2016-03-04 23:41:24.722154 Parker:Line received: AT Bolden +56340239.296769434 kiwi.cs.ucla.edu +34.068930-118.445127 1400794645.392014450
2016-03-04 23:41:24.722716 Parker:Connection Lost
2016-03-04 23:41:24.723385 Parker:Connection Lost
2016-03-04 23:43:07.271029 Parker:created
2016-03-04 23:43:24.097067 Parker:Connection Made
2016-03-04 23:43:24.098220 Parker:Line received: AT Bolden +56340358.600475603 kiwi.cs.ucla.edu +34.068930-118.445127 1400794645.392014450
2016-03-04 23:43:24.098881 Parker:Sending to Bolden:AT Bolden +56340358.600475603 kiwi.cs.ucla.edu +34.068930-118.445127 1400794645.392014450
2016-03-04 23:43:24.099106 Parker:Sending to Alford:AT Bolden +56340358.600475603 kiwi.cs.ucla.edu +34.068930-118.445127 1400794645.392014450
2016-03-04 23:43:24.099306 Parker:Sending to Hamilton:AT Bolden +56340358.600475603 kiwi.cs.ucla.edu +34.068930-118.445127 1400794645.392014450
2016-03-04 23:43:24.100804 Parker:Connection Lost
2016-03-04 23:43:24.108657 Parker:Connection Made
2016-03-04 23:43:24.108958 Parker:Connection Made
2016-03-04 23:43:24.110112 Parker:Line received: AT Bolden +56340358.600475603 kiwi.cs.ucla.edu +34.068930-118.445127 1400794645.392014450
2016-03-04 23:43:24.110473 Parker:Line received: AT Bolden +56340358.600475603 kiwi.cs.ucla.edu +34.068930-118.445127 1400794645.392014450
2016-03-04 23:43:24.111245 Parker:Connection Lost
2016-03-04 23:43:24.111487 Parker:Connection Lost
2016-03-04 23:44:02.851718 Parker:created
2016-03-04 23:44:11.511189 Parker:Connection Made
2016-03-04 23:44:11.512383 Parker:Line received: AT Bolden +56340406.017420584 kiwi.cs.ucla.edu +34.068930-118.445127 1400794645.392014450
2016-03-04 23:44:11.512954 Parker:Sending to Bolden:AT Bolden +56340406.017420584 kiwi.cs.ucla.edu +34.068930-118.445127 1400794645.392014450
2016-03-04 23:44:11.513273 Parker:Sending to Alford:AT Bolden +56340406.017420584 kiwi.cs.ucla.edu +34.068930-118.445127 1400794645.392014450
2016-03-04 23:44:11.513735 Parker:Sending to Hamilton:AT Bolden +56340406.017420584 kiwi.cs.ucla.edu +34.068930-118.445127 1400794645.392014450
2016-03-04 23:44:11.515296 Parker:Connection Lost
2016-03-04 23:44:11.524758 Parker:Connection Made
2016-03-04 23:44:11.526060 Parker:Connection Made
2016-03-04 23:44:11.526915 Parker:Line received: AT Bolden +56340406.017420584 kiwi.cs.ucla.edu +34.068930-118.445127 1400794645.392014450
2016-03-04 23:44:11.528263 Parker:Connection Lost
2016-03-04 23:44:11.528824 Parker:Line received: AT Bolden +56340406.017420584 kiwi.cs.ucla.edu +34.068930-118.445127 1400794645.392014450
2016-03-04 23:44:11.529460 Parker:Connection Lost
2016-03-04 23:44:13.129162 Parker:Connection Made
2016-03-04 23:44:13.295468 Parker:Line received: AT Bolden +56340358.600475603 kiwi.cs.ucla.edu +34.068930-118.445127 1400794645.392014450
2016-03-04 23:44:13.296120 Parker:Sending to Bolden:AT Bolden +56340358.600475603 kiwi.cs.ucla.edu +34.068930-118.445127 1400794645.392014450
2016-03-04 23:44:13.296373 Parker:Sending to Alford:AT Bolden +56340358.600475603 kiwi.cs.ucla.edu +34.068930-118.445127 1400794645.392014450
2016-03-04 23:44:13.296594 Parker:Sending to Hamilton:AT Bolden +56340358.600475603 kiwi.cs.ucla.edu +34.068930-118.445127 1400794645.392014450
2016-03-04 23:44:13.298928 Parker:Connection Lost
2016-03-04 23:44:13.308256 Parker:Connection Made
2016-03-04 23:44:13.308514 Parker:Connection Made
2016-03-04 23:44:13.309789 Parker:Line received: AT Bolden +56340358.600475603 kiwi.cs.ucla.edu +34.068930-118.445127 1400794645.392014450
2016-03-04 23:44:13.310100 Parker:Line received: AT Bolden +56340358.600475603 kiwi.cs.ucla.edu +34.068930-118.445127 1400794645.392014450
2016-03-04 23:44:13.310827 Parker:Connection Lost
2016-03-04 23:44:13.311091 Parker:Connection Lost
2016-03-04 23:49:23.168665 Parker:created
2016-03-04 23:49:47.495578 Parker:Connection Made
2016-03-04 23:49:47.499599 Parker:Line received: AT Alford +0.563873386 kiwi.cs.ucla.edu +34.068930-118.445127 1400794699.108893381
2016-03-04 23:49:47.501098 Parker:Sending to Bolden:AT Alford +0.563873386 kiwi.cs.ucla.edu +34.068930-118.445127 1400794699.108893381
2016-03-04 23:49:47.501753 Parker:Sending to Alford:AT Alford +0.563873386 kiwi.cs.ucla.edu +34.068930-118.445127 1400794699.108893381
2016-03-04 23:49:47.502071 Parker:Sending to Hamilton:AT Alford +0.563873386 kiwi.cs.ucla.edu +34.068930-118.445127 1400794699.108893381
2016-03-04 23:49:47.503633 Parker:Connection Lost
2016-03-04 23:49:47.513019 Parker:Connection Made
2016-03-04 23:49:47.514238 Parker:Connection Made
2016-03-04 23:49:47.515113 Parker:Line received: AT Alford +0.563873386 kiwi.cs.ucla.edu +34.068930-118.445127 1400794699.108893381
2016-03-04 23:49:47.515592 Parker:Line received: AT Alford +0.563873386 kiwi.cs.ucla.edu +34.068930-118.445127 1400794699.108893381
2016-03-04 23:49:47.516592 Parker:Connection Lost
2016-03-04 23:49:47.516903 Parker:Connection Lost
2016-03-04 23:51:13.476523 Parker:created
2016-03-04 23:51:40.301021 Parker:Connection Made
2016-03-04 23:51:40.304376 Parker:Line received: AT Alford +0.563873386 kiwi.cs.ucla.edu +34.068930-118.445127 1400794699.108893381
2016-03-04 23:51:40.305105 Parker:Sending to Bolden:AT Alford +0.563873386 kiwi.cs.ucla.edu +34.068930-118.445127 1400794699.108893381
2016-03-04 23:51:40.305471 Parker:Sending to Alford:AT Alford +0.563873386 kiwi.cs.ucla.edu +34.068930-118.445127 1400794699.108893381
2016-03-04 23:51:40.305782 Parker:Sending to Hamilton:AT Alford +0.563873386 kiwi.cs.ucla.edu +34.068930-118.445127 1400794699.108893381
2016-03-04 23:51:40.307523 Parker:Connection Lost
2016-03-04 23:51:40.318014 Parker:Connection Made
2016-03-04 23:51:40.318631 Parker:Connection Made
2016-03-04 23:51:40.319948 Parker:Line received: AT Alford +0.563873386 kiwi.cs.ucla.edu +34.068930-118.445127 1400794699.108893381
2016-03-04 23:51:40.320388 Parker:Line received: AT Alford +0.563873386 kiwi.cs.ucla.edu +34.068930-118.445127 1400794699.108893381
2016-03-04 23:51:40.321261 Parker:Connection Lost
2016-03-04 23:51:40.321553 Parker:Connection Lost
2016-03-04 23:52:30.350990 Parker:created
2016-03-04 23:52:38.094419 Parker:Connection Made
2016-03-04 23:52:38.096346 Parker:Line received: AT Alford +0.563873386 kiwi.cs.ucla.edu +34.068930-118.445127 1400794699.108893381
2016-03-04 23:52:38.097159 Parker:Sending to Bolden:AT Alford +0.563873386 kiwi.cs.ucla.edu +34.068930-118.445127 1400794699.108893381
2016-03-04 23:52:38.097527 Parker:Sending to Alford:AT Alford +0.563873386 kiwi.cs.ucla.edu +34.068930-118.445127 1400794699.108893381
2016-03-04 23:52:38.097831 Parker:Sending to Hamilton:AT Alford +0.563873386 kiwi.cs.ucla.edu +34.068930-118.445127 1400794699.108893381
2016-03-04 23:52:38.103730 Parker:Connection Lost
2016-03-04 23:52:38.113042 Parker:Connection Made
2016-03-04 23:52:38.113575 Parker:Connection Made
2016-03-04 23:52:38.114664 Parker:Line received: AT Alford +0.563873386 kiwi.cs.ucla.edu +34.068930-118.445127 1400794699.108893381
2016-03-04 23:52:38.115068 Parker:Line received: AT Alford +0.563873386 kiwi.cs.ucla.edu +34.068930-118.445127 1400794699.108893381
2016-03-04 23:52:38.115815 Parker:Connection Lost
2016-03-04 23:52:38.116089 Parker:Connection Lost
