Welsh:created
Welsh:Connection Made
Welsh:Line received
Welsh:AT Alford +56338361.888672644 kiwi.cs.ucla.edu +34.068930-118.445127 1400794645.39201445
Welsh:Sending to Bolden:AT Alford +56338361.888672644 kiwi.cs.ucla.edu +34.068930-118.445127 1400794645.39201445
Welsh:Connection Lost
Welsh:Connection Made
Welsh:Line received
Welsh:AT Alford +56338361.888672644 kiwi.cs.ucla.edu +34.068930-118.445127 1400794645.39201445
Welsh:Connection Lost
Welsh:created
Welsh:Connection Made
Welsh:Line received: AT Alford +56338507.442848497 kiwi.cs.ucla.edu +34.068930-118.445127 1400794645.39201445
Welsh:Sending to Bolden:AT Alford +56338507.442848497 kiwi.cs.ucla.edu +34.068930-118.445127 1400794645.39201445
Welsh:Connection Lost
Welsh:Connection Made
Welsh:Line received: AT Alford +56338507.442848497 kiwi.cs.ucla.edu +34.068930-118.445127 1400794645.39201445
Welsh:Connection Lost
2016-03-04 23:18:58.289982 Welsh:created
2016-03-04 23:19:09.529878 Welsh:Connection Made
2016-03-04 23:19:09.531392 Welsh:Line received: AT Alford +56338904.129076534 kiwi.cs.ucla.edu +34.068930-118.445127 1400794645.39201445
2016-03-04 23:19:09.695708 Welsh:Sending to Bolden:AT Alford +56338904.129076534 kiwi.cs.ucla.edu +34.068930-118.445127 1400794645.39201445
2016-03-04 23:19:09.700593 Welsh:Connection Lost
2016-03-04 23:19:09.711868 Welsh:Connection Made
2016-03-04 23:19:09.714269 Welsh:Line received: AT Alford +56338904.129076534 kiwi.cs.ucla.edu +34.068930-118.445127 1400794645.39201445
2016-03-04 23:19:09.715281 Welsh:Connection Lost
2016-03-04 23:23:03.655296 Welsh:created
2016-03-04 23:24:03.850569 Welsh:Connection Made
2016-03-04 23:24:12.110554 Welsh:Line received: WHATSAT kiwi.cs.ucla.edu 10 5
2016-03-04 23:24:12.110952 Welsh:Invalid WHATSAT command-No previous data for client: WHATSAT kiwi.cs.ucla.edu 10 5
2016-03-04 23:24:41.644090 Welsh:Line received: IAMAT kiwi.cs.ucla.edu +34.068930-118.445127 1400794645.392014450
2016-03-04 23:24:41.644930 Welsh:Sending to Bolden:AT Welsh +56339236.252491528 kiwi.cs.ucla.edu +34.068930-118.445127 1400794645.392014450
2016-03-04 23:24:41.645072 Welsh:Flooded: AT Welsh +56339236.252491528 kiwi.cs.ucla.edu +34.068930-118.445127 1400794645.392014450
2016-03-04 23:24:41.698158 Welsh:Connection Made
2016-03-04 23:24:41.700397 Welsh:Line received: AT Welsh +56339236.252491528 kiwi.cs.ucla.edu +34.068930-118.445127 1400794645.392014450
2016-03-04 23:24:41.703083 Welsh:Connection Lost
2016-03-04 23:24:41.709950 Welsh:Connection Made
2016-03-04 23:24:41.711441 Welsh:Line received: AT Welsh +56339236.252491528 kiwi.cs.ucla.edu +34.068930-118.445127 1400794645.392014450
2016-03-04 23:24:41.713013 Welsh:Connection Lost
2016-03-04 23:25:51.696172 Welsh:Connection Lost
2016-03-04 23:29:18.841505 Welsh:created
2016-03-04 23:30:04.960914 Welsh:Connection Made
2016-03-04 23:30:04.962571 Welsh:Line received: AT Bolden +Decimal('56339559.560596520') kiwi.cs.ucla.edu +Decimal('34.068930')Decimal('-118.445127') 1400794645.392014450
2016-03-04 23:30:04.962783 Welsh:Invalid command AT Bolden +Decimal('56339559.560596520') kiwi.cs.ucla.edu +Decimal('34.068930')Decimal('-118.445127') 1400794645.392014450
2016-03-04 23:30:04.964008 Welsh:Connection Lost
2016-03-04 23:33:41.549799 Welsh:created
2016-03-04 23:33:58.096328 Welsh:Connection Made
2016-03-04 23:33:58.097068 Welsh:Line received: AT Bolden +Decimal('56339792.697555595') kiwi.cs.ucla.edu +Decimal('34.068930')Decimal('-118.445127') 1400794645.392014450
2016-03-04 23:33:58.098637 Welsh:Invalid command AT Bolden +Decimal('56339792.697555595') kiwi.cs.ucla.edu +Decimal('34.068930')Decimal('-118.445127') 1400794645.392014450
2016-03-04 23:33:58.099514 Welsh:Connection Lost
2016-03-04 23:37:27.705020 Welsh:created
2016-03-04 23:37:37.294694 Welsh:Connection Made
2016-03-04 23:37:37.296658 Welsh:Line received: AT Bolden +56340011.856954628 kiwi.cs.ucla.edu +34.068930-118.445127 1400794645.392014450
2016-03-04 23:37:37.299680 Welsh:Sending to Bolden:AT Bolden +56340011.856954628 kiwi.cs.ucla.edu +34.068930-118.445127 1400794645.392014450
2016-03-04 23:37:37.301463 Welsh:Connection Lost
2016-03-04 23:37:37.317058 Welsh:Connection Made
2016-03-04 23:37:37.318880 Welsh:Line received: AT Bolden +56340011.856954628 kiwi.cs.ucla.edu +34.068930-118.445127 1400794645.392014450
2016-03-04 23:37:37.320724 Welsh:Connection Lost
2016-03-04 23:41:04.701248 Welsh:created
2016-03-04 23:41:24.698023 Welsh:Connection Made
2016-03-04 23:41:24.700820 Welsh:Line received: AT Bolden +56340239.296769434 kiwi.cs.ucla.edu +34.068930-118.445127 1400794645.392014450
2016-03-04 23:41:24.703793 Welsh:Sending to Bolden:AT Bolden +56340239.296769434 kiwi.cs.ucla.edu +34.068930-118.445127 1400794645.392014450
2016-03-04 23:41:24.705796 Welsh:Connection Lost
2016-03-04 23:41:24.719820 Welsh:Connection Made
2016-03-04 23:41:24.721712 Welsh:Line received: AT Bolden +56340239.296769434 kiwi.cs.ucla.edu +34.068930-118.445127 1400794645.392014450
2016-03-04 23:41:24.723039 Welsh:Connection Lost
2016-03-04 23:43:07.267717 Welsh:created
2016-03-04 23:43:24.000203 Welsh:Connection Made
2016-03-04 23:43:24.001363 Welsh:Line received: AT Bolden +56340358.600475603 kiwi.cs.ucla.edu +34.068930-118.445127 1400794645.392014450
2016-03-04 23:43:24.094371 Welsh:Sending to Bolden:AT Bolden +56340358.600475603 kiwi.cs.ucla.edu +34.068930-118.445127 1400794645.392014450
2016-03-04 23:43:24.095987 Welsh:Connection Lost
2016-03-04 23:43:24.108395 Welsh:Connection Made
2016-03-04 23:43:24.109704 Welsh:Line received: AT Bolden +56340358.600475603 kiwi.cs.ucla.edu +34.068930-118.445127 1400794645.392014450
2016-03-04 23:43:24.110979 Welsh:Connection Lost
2016-03-04 23:44:02.849550 Welsh:created
2016-03-04 23:44:11.501356 Welsh:Connection Made
2016-03-04 23:44:11.502800 Welsh:Line received: AT Bolden +56340406.017420584 kiwi.cs.ucla.edu +34.068930-118.445127 1400794645.392014450
2016-03-04 23:44:11.509214 Welsh:Sending to Bolden:AT Bolden +56340406.017420584 kiwi.cs.ucla.edu +34.068930-118.445127 1400794645.392014450
2016-03-04 23:44:11.510772 Welsh:Connection Lost
2016-03-04 23:44:11.525316 Welsh:Connection Made
2016-03-04 23:44:11.527441 Welsh:Line received: AT Bolden +56340406.017420584 kiwi.cs.ucla.edu +34.068930-118.445127 1400794645.392014450
2016-03-04 23:44:11.528609 Welsh:Connection Lost
2016-03-04 23:44:13.128730 Welsh:Connection Made
2016-03-04 23:44:13.294417 Welsh:Line received: AT Bolden +56340358.600475603 kiwi.cs.ucla.edu +34.068930-118.445127 1400794645.392014450
2016-03-04 23:44:13.295262 Welsh:Sending to Bolden:AT Bolden +56340358.600475603 kiwi.cs.ucla.edu +34.068930-118.445127 1400794645.392014450
2016-03-04 23:44:13.298347 Welsh:Connection Lost
2016-03-04 23:44:13.307899 Welsh:Connection Made
2016-03-04 23:44:13.309390 Welsh:Line received: AT Bolden +56340358.600475603 kiwi.cs.ucla.edu +34.068930-118.445127 1400794645.392014450
2016-03-04 23:44:13.310558 Welsh:Connection Lost
2016-03-04 23:49:23.166469 Welsh:created
2016-03-04 23:49:47.494432 Welsh:Connection Made
2016-03-04 23:49:47.495915 Welsh:Line received: AT Alford +0.563873386 kiwi.cs.ucla.edu +34.068930-118.445127 1400794699.108893381
2016-03-04 23:49:47.496646 Welsh:Sending to Bolden:AT Alford +0.563873386 kiwi.cs.ucla.edu +34.068930-118.445127 1400794699.108893381
2016-03-04 23:49:47.497949 Welsh:Connection Lost
2016-03-04 23:49:47.513750 Welsh:Connection Made
2016-03-04 23:49:47.516024 Welsh:Line received: AT Alford +0.563873386 kiwi.cs.ucla.edu +34.068930-118.445127 1400794699.108893381
2016-03-04 23:49:47.517203 Welsh:Connection Lost
2016-03-04 23:51:13.474711 Welsh:created
2016-03-04 23:51:40.299899 Welsh:Connection Made
2016-03-04 23:51:40.301388 Welsh:Line received: AT Alford +0.563873386 kiwi.cs.ucla.edu +34.068930-118.445127 1400794699.108893381
2016-03-04 23:51:40.302543 Welsh:Sending to Bolden:AT Alford +0.563873386 kiwi.cs.ucla.edu +34.068930-118.445127 1400794699.108893381
2016-03-04 23:51:40.303879 Welsh:Connection Lost
2016-03-04 23:51:40.317362 Welsh:Connection Made
2016-03-04 23:51:40.319469 Welsh:Line received: AT Alford +0.563873386 kiwi.cs.ucla.edu +34.068930-118.445127 1400794699.108893381
2016-03-04 23:51:40.320950 Welsh:Connection Lost
2016-03-04 23:52:30.348139 Welsh:created
2016-03-04 23:52:37.906638 Welsh:Connection Made
2016-03-04 23:52:38.095466 Welsh:Line received: AT Alford +0.563873386 kiwi.cs.ucla.edu +34.068930-118.445127 1400794699.108893381
2016-03-04 23:52:38.096155 Welsh:Sending to Bolden:AT Alford +0.563873386 kiwi.cs.ucla.edu +34.068930-118.445127 1400794699.108893381
2016-03-04 23:52:38.103027 Welsh:Connection Lost
2016-03-04 23:52:38.112713 Welsh:Connection Made
2016-03-04 23:52:38.114285 Welsh:Line received: AT Alford +0.563873386 kiwi.cs.ucla.edu +34.068930-118.445127 1400794699.108893381
2016-03-04 23:52:38.115498 Welsh:Connection Lost
